# JRE version: OpenJDK Runtime Environment (8.0_202-b03) (build 1.8.0_202-release-1483-b03)
# Java VM: OpenJDK 64-Bit Server VM (25.202-b03 mixed mode windows-amd64 compressed oops)
Heap:
 PSYoungGen      total 140800K, used 48726K [0x00000000e0000000, 0x00000000e9400000, 0x0000000100000000)
  eden space 130048K, 37% used [0x00000000e0000000,0x00000000e2f95940,0x00000000e7f00000)
  from space 10752K, 0% used [0x00000000e7f00000,0x00000000e7f00000,0x00000000e8980000)
  to   space 10752K, 0% used [0x00000000e8980000,0x00000000e8980000,0x00000000e9400000)
 ParOldGen       total 114176K, used 7822K [0x00000000a0000000, 0x00000000a6f80000, 0x00000000e0000000)
  object space 114176K, 6% used [0x00000000a0000000,0x00000000a07a3a58,0x00000000a6f80000)
 Metaspace       used 27512K, capacity 27948K, committed 28288K, reserved 1077248K
  class space    used 3761K, capacity 3931K, committed 3968K, reserved 1048576K
GC Heap History (10 events):
Event: 5.008 GC heap before
{Heap before GC invocations=4 (full 1):
 PSYoungGen      total 140800K, used 10724K [0x00000000e0000000, 0x00000000e9400000, 0x0000000100000000)
  eden space 130048K, 0% used [0x00000000e0000000,0x00000000e0000000,0x00000000e7f00000)
  from space 10752K, 99% used [0x00000000e7f00000,0x00000000e8979308,0x00000000e8980000)
  to   space 10752K, 0% used [0x00000000e8980000,0x00000000e8980000,0x00000000e9400000)
 ParOldGen       total 173568K, used 1211K [0x00000000a0000000, 0x00000000aa980000, 0x00000000e0000000)
  object space 173568K, 0% used [0x00000000a0000000,0x00000000a012ed18,0x00000000aa980000)
 Metaspace       used 20700K, capacity 21134K, committed 21296K, reserved 1067008K
  class space    used 2954K, capacity 3119K, committed 3200K, reserved 1048576K
Event: 5.074 GC heap after
Heap after GC invocations=4 (full 1):
 PSYoungGen      total 140800K, used 0K [0x00000000e0000000, 0x00000000e9400000, 0x0000000100000000)
  eden space 130048K, 0% used [0x00000000e0000000,0x00000000e0000000,0x00000000e7f00000)
  from space 10752K, 0% used [0x00000000e7f00000,0x00000000e7f00000,0x00000000e8980000)
  to   space 10752K, 0% used [0x00000000e8980000,0x00000000e8980000,0x00000000e9400000)
 ParOldGen       total 114176K, used 11501K [0x00000000a0000000, 0x00000000a6f80000, 0x00000000e0000000)
  object space 114176K, 10% used [0x00000000a0000000,0x00000000a0b3b668,0x00000000a6f80000)
 Metaspace       used 20700K, capacity 21134K, committed 21296K, reserved 1067008K
  class space    used 2954K, capacity 3119K, committed 3200K, reserved 1048576K
}
Event: 5.396 GC heap before
{Heap before GC invocations=5 (full 1):
 PSYoungGen      total 140800K, used 5538K [0x00000000e0000000, 0x00000000e9400000, 0x0000000100000000)
  eden space 130048K, 4% used [0x00000000e0000000,0x00000000e0568878,0x00000000e7f00000)
  from space 10752K, 0% used [0x00000000e7f00000,0x00000000e7f00000,0x00000000e8980000)
  to   space 10752K, 0% used [0x00000000e8980000,0x00000000e8980000,0x00000000e9400000)
 ParOldGen       total 114176K, used 11501K [0x00000000a0000000, 0x00000000a6f80000, 0x00000000e0000000)
  object space 114176K, 10% used [0x00000000a0000000,0x00000000a0b3b668,0x00000000a6f80000)
 Metaspace       used 21683K, capacity 22094K, committed 22144K, reserved 1073152K
  class space    used 3024K, capacity 3183K, committed 3200K, reserved 1048576K
Event: 5.405 GC heap after
Heap after GC invocations=5 (full 1):
 PSYoungGen      total 140800K, used 808K [0x00000000e0000000, 0x00000000e9400000, 0x0000000100000000)
  eden space 130048K, 0% used [0x00000000e0000000,0x00000000e0000000,0x00000000e7f00000)
  from space 10752K, 7% used [0x00000000e8980000,0x00000000e8a4a2c8,0x00000000e9400000)
  to   space 10752K, 0% used [0x00000000e7f00000,0x00000000e7f00000,0x00000000e8980000)
 ParOldGen       total 114176K, used 11501K [0x00000000a0000000, 0x00000000a6f80000, 0x00000000e0000000)
  object space 114176K, 10% used [0x00000000a0000000,0x00000000a0b3b668,0x00000000a6f80000)
 Metaspace       used 21683K, capacity 22094K, committed 22144K, reserved 1073152K
  class space    used 3024K, capacity 3183K, committed 3200K, reserved 1048576K
}
Event: 5.405 GC heap before
{Heap before GC invocations=6 (full 2):
 PSYoungGen      total 140800K, used 808K [0x00000000e0000000, 0x00000000e9400000, 0x0000000100000000)
  eden space 130048K, 0% used [0x00000000e0000000,0x00000000e0000000,0x00000000e7f00000)
  from space 10752K, 7% used [0x00000000e8980000,0x00000000e8a4a2c8,0x00000000e9400000)
  to   space 10752K, 0% used [0x00000000e7f00000,0x00000000e7f00000,0x00000000e8980000)
 ParOldGen       total 114176K, used 11501K [0x00000000a0000000, 0x00000000a6f80000, 0x00000000e0000000)
  object space 114176K, 10% used [0x00000000a0000000,0x00000000a0b3b668,0x00000000a6f80000)
 Metaspace       used 21683K, capacity 22094K, committed 22144K, reserved 1073152K
  class space    used 3024K, capacity 3183K, committed 3200K, reserved 1048576K
Event: 5.476 GC heap after
Heap after GC invocations=6 (full 2):
 PSYoungGen      total 140800K, used 0K [0x00000000e0000000, 0x00000000e9400000, 0x0000000100000000)
  eden space 130048K, 0% used [0x00000000e0000000,0x00000000e0000000,0x00000000e7f00000)
  from space 10752K, 0% used [0x00000000e8980000,0x00000000e8980000,0x00000000e9400000)
  to   space 10752K, 0% used [0x00000000e7f00000,0x00000000e7f00000,0x00000000e8980000)
 ParOldGen       total 114176K, used 7915K [0x00000000a0000000, 0x00000000a6f80000, 0x00000000e0000000)
  object space 114176K, 6% used [0x00000000a0000000,0x00000000a07bad40,0x00000000a6f80000)
 Metaspace       used 21683K, capacity 22094K, committed 22144K, reserved 1071104K
  class space    used 3024K, capacity 3183K, committed 3200K, reserved 1048576K
}
Event: 5.531 GC heap before
{Heap before GC invocations=7 (full 2):
 PSYoungGen      total 140800K, used 4405K [0x00000000e0000000, 0x00000000e9400000, 0x0000000100000000)
  eden space 130048K, 3% used [0x00000000e0000000,0x00000000e044d5e8,0x00000000e7f00000)
  from space 10752K, 0% used [0x00000000e8980000,0x00000000e8980000,0x00000000e9400000)
  to   space 10752K, 0% used [0x00000000e7f00000,0x00000000e7f00000,0x00000000e8980000)
 ParOldGen       total 114176K, used 7915K [0x00000000a0000000, 0x00000000a6f80000, 0x00000000e0000000)
  object space 114176K, 6% used [0x00000000a0000000,0x00000000a07bad40,0x00000000a6f80000)
 Metaspace       used 21993K, capacity 22414K, committed 22528K, reserved 1075200K
  class space    used 3077K, capacity 3247K, committed 3328K, reserved 1048576K
Event: 5.534 GC heap after
Heap after GC invocations=7 (full 2):
 PSYoungGen      total 140800K, used 512K [0x00000000e0000000, 0x00000000e9400000, 0x0000000100000000)
  eden space 130048K, 0% used [0x00000000e0000000,0x00000000e0000000,0x00000000e7f00000)
  from space 10752K, 4% used [0x00000000e7f00000,0x00000000e7f80000,0x00000000e8980000)
  to   space 10752K, 0% used [0x00000000e8980000,0x00000000e8980000,0x00000000e9400000)
 ParOldGen       total 114176K, used 7915K [0x00000000a0000000, 0x00000000a6f80000, 0x00000000e0000000)
  object space 114176K, 6% used [0x00000000a0000000,0x00000000a07bad40,0x00000000a6f80000)
 Metaspace       used 21993K, capacity 22414K, committed 22528K, reserved 1075200K
  class space    used 3077K, capacity 3247K, committed 3328K, reserved 1048576K
}
Event: 5.534 GC heap before
{Heap before GC invocations=8 (full 3):
 PSYoungGen      total 140800K, used 512K [0x00000000e0000000, 0x00000000e9400000, 0x0000000100000000)
  eden space 130048K, 0% used [0x00000000e0000000,0x00000000e0000000,0x00000000e7f00000)
  from space 10752K, 4% used [0x00000000e7f00000,0x00000000e7f80000,0x00000000e8980000)
  to   space 10752K, 0% used [0x00000000e8980000,0x00000000e8980000,0x00000000e9400000)
 ParOldGen       total 114176K, used 7915K [0x00000000a0000000, 0x00000000a6f80000, 0x00000000e0000000)
  object space 114176K, 6% used [0x00000000a0000000,0x00000000a07bad40,0x00000000a6f80000)
 Metaspace       used 21993K, capacity 22414K, committed 22528K, reserved 1075200K
  class space    used 3077K, capacity 3247K, committed 3328K, reserved 1048576K
Event: 5.597 GC heap after
Heap after GC invocations=8 (full 3):
 PSYoungGen      total 140800K, used 0K [0x00000000e0000000, 0x00000000e9400000, 0x0000000100000000)
  eden space 130048K, 0% used [0x00000000e0000000,0x00000000e0000000,0x00000000e7f00000)
  from space 10752K, 0% used [0x00000000e7f00000,0x00000000e7f00000,0x00000000e8980000)
  to   space 10752K, 0% used [0x00000000e8980000,0x00000000e8980000,0x00000000e9400000)
 ParOldGen       total 114176K, used 7822K [0x00000000a0000000, 0x00000000a6f80000, 0x00000000e0000000)
  object space 114176K, 6% used [0x00000000a0000000,0x00000000a07a3a58,0x00000000a6f80000)
 Metaspace       used 21993K, capacity 22414K, committed 22528K, reserved 1073152K
  class space    used 3077K, capacity 3247K, committed 3328K, reserved 1048576K
}

